  Action.cpp
  Armor.cpp
D:\Documents\School\ECE39595C\ece39595c\Armor.cpp(4,8): error C2533: 'Armor::{ctor}': constructors not allowed a return type
  ChangeDisplayedType.cpp
D:\Documents\School\ECE39595C\ece39595c\ChangeDisplayedType.cpp(4,102): error C2512: 'CreatureAction': no appropriate default constructor available
D:\Documents\School\ECE39595C\ece39595c\Creature.h(6,7): message : see declaration of 'CreatureAction'
D:\Documents\School\ECE39595C\ece39595c\ChangeDisplayedType.cpp(4,102): error C2530: 'ChangeDisplayedType::owner': references must be initialized
D:\Documents\School\ECE39595C\ece39595c\ChangeDisplayedType.cpp(4,80): error C2614: 'ChangeDisplayedType': illegal member initialization: 'CreatureAcion' is not a base or member
  Creature.cpp
  Displayable.cpp
  DropPack.cpp
D:\Documents\School\ECE39595C\ece39595c\DropPack.cpp(4,81): error C2664: 'CreatureAction::CreatureAction(CreatureAction &&)': cannot convert argument 1 from 'Creature' to 'int'
D:\Documents\School\ECE39595C\ece39595c\DropPack.cpp(4,74): message : No user-defined-conversion operator available that can perform this conversion, or the operator cannot be called
D:\Documents\School\ECE39595C\ece39595c\Action.h(22,2): message : see declaration of 'CreatureAction::CreatureAction'
D:\Documents\School\ECE39595C\ece39595c\DropPack.cpp(4,81): error C2530: 'DropPack::owner': references must be initialized
  Dungeon.cpp
D:\Documents\School\ECE39595C\ece39595c\Dungeon.cpp(7,20): error C2530: 'Dungeon::room': references must be initialized
D:\Documents\School\ECE39595C\ece39595c\Dungeon.cpp(7,20): error C2530: 'Dungeon::creature': references must be initialized
D:\Documents\School\ECE39595C\ece39595c\Dungeon.cpp(7,20): error C2530: 'Dungeon::item': references must be initialized
  EndGame.cpp
D:\Documents\School\ECE39595C\ece39595c\EndGame.cpp(4,79): error C2664: 'CreatureAction::CreatureAction(CreatureAction &&)': cannot convert argument 1 from 'Creature' to 'int'
D:\Documents\School\ECE39595C\ece39595c\EndGame.cpp(4,72): message : No user-defined-conversion operator available that can perform this conversion, or the operator cannot be called
D:\Documents\School\ECE39595C\ece39595c\Action.h(22,2): message : see declaration of 'CreatureAction::CreatureAction'
D:\Documents\School\ECE39595C\ece39595c\EndGame.cpp(4,79): error C2530: 'EndGame::owner': references must be initialized
  Item.cpp
D:\Documents\School\ECE39595C\ece39595c\Item.cpp(4,16): error C2530: 'Item::owner': references must be initialized
  ObjDisplayGrid.cpp
  Passage.cpp
  Remove.cpp
D:\Documents\School\ECE39595C\ece39595c\Remove.cpp(4,77): error C2664: 'CreatureAction::CreatureAction(CreatureAction &&)': cannot convert argument 1 from 'Creature' to 'int'
D:\Documents\School\ECE39595C\ece39595c\Remove.cpp(4,70): message : No user-defined-conversion operator available that can perform this conversion, or the operator cannot be called
D:\Documents\School\ECE39595C\ece39595c\Action.h(22,2): message : see declaration of 'CreatureAction::CreatureAction'
D:\Documents\School\ECE39595C\ece39595c\Remove.cpp(4,77): error C2530: 'Remove::owner': references must be initialized
  Room.cpp
D:\Documents\School\ECE39595C\ece39595c\Room.cpp(4,45): error C2530: 'Room::monstor': references must be initialized
D:\Documents\School\ECE39595C\ece39595c\Room.cpp(12,12): error C2039: 'setCreature': is not a member of 'Room'
D:\Documents\School\ECE39595C\ece39595c\Room.h(8): message : see declaration of 'Room'
  Scoll.cpp
  Structure.cpp
  Sword.cpp
D:\Documents\School\ECE39595C\ece39595c\Sword.h(9,10): error C2061: syntax error: identifier 'std'
D:\Documents\School\ECE39595C\ece39595c\Sword.cpp(4,33): error C2511: 'Sword::Sword(std::string)': overloaded member function not found in 'Sword'
D:\Documents\School\ECE39595C\ece39595c\Sword.h(7): message : see declaration of 'Sword'
D:\Documents\School\ECE39595C\ece39595c\Sword.cpp(4,44): error C2550: 'Sword::{ctor}': constructor initializer lists are only allowed on constructor definitions
  Teleport.cpp
D:\Documents\School\ECE39595C\ece39595c\Teleport.cpp(4,80): error C2664: 'CreatureAction::CreatureAction(CreatureAction &&)': cannot convert argument 1 from 'Creature' to 'int'
D:\Documents\School\ECE39595C\ece39595c\Teleport.cpp(4,73): message : No user-defined-conversion operator available that can perform this conversion, or the operator cannot be called
D:\Documents\School\ECE39595C\ece39595c\Action.h(22,2): message : see declaration of 'CreatureAction::CreatureAction'
D:\Documents\School\ECE39595C\ece39595c\Teleport.cpp(4,80): error C2530: 'Teleport::owner': references must be initialized
  UpdateDisplay.cpp
D:\Documents\School\ECE39595C\ece39595c\UpdateDisplay.cpp(4,91): error C2664: 'CreatureAction::CreatureAction(CreatureAction &&)': cannot convert argument 1 from 'Creature' to 'int'
D:\Documents\School\ECE39595C\ece39595c\UpdateDisplay.cpp(4,84): message : No user-defined-conversion operator available that can perform this conversion, or the operator cannot be called
D:\Documents\School\ECE39595C\ece39595c\Action.h(22,2): message : see declaration of 'CreatureAction::CreatureAction'
D:\Documents\School\ECE39595C\ece39595c\UpdateDisplay.cpp(4,91): error C2530: 'UpdateDisplay::owner': references must be initialized
  XMLHandler.cpp
D:\Documents\School\ECE39595C\ece39595c\XMLHandler.h(14,10): fatal error C1083: Cannot open include file: 'Magic.h': No such file or directory
  YouWin.cpp
D:\Documents\School\ECE39595C\ece39595c\YouWin.cpp(4,77): error C2664: 'CreatureAction::CreatureAction(CreatureAction &&)': cannot convert argument 1 from 'Creature' to 'int'
D:\Documents\School\ECE39595C\ece39595c\YouWin.cpp(4,70): message : No user-defined-conversion operator available that can perform this conversion, or the operator cannot be called
D:\Documents\School\ECE39595C\ece39595c\Action.h(22,2): message : see declaration of 'CreatureAction::CreatureAction'
D:\Documents\School\ECE39595C\ece39595c\YouWin.cpp(4,77): error C2530: 'YouWin::owner': references must be initialized
  Generating Code...
D:\Documents\School\ECE39595C\ece39595c\ObjDisplayGrid.cpp(10): error C4716: 'ObjDisplayGrid::getObjDisplayGrid': must return a value
