  Armor.cpp
D:\Documents\School\ECE39595C\ece39595c\Armor.cpp(4,51): error C2664: 'Item::Item(Item &&)': cannot convert argument 1 from 'nullptr' to 'const Item &'
D:\Documents\School\ECE39595C\ece39595c\Armor.cpp(4,51): message : Reason: cannot convert from 'nullptr' to 'const Item'
D:\Documents\School\ECE39595C\ece39595c\Armor.cpp(4,51): message : No constructor could take the source type, or constructor overload resolution was ambiguous
D:\Documents\School\ECE39595C\ece39595c\Item.h(15,1): message : see declaration of 'Item::Item'
D:\Documents\School\ECE39595C\ece39595c\Armor.cpp(13,10): error C2143: syntax error: missing ';' before 'std::cout'
  ChangeDisplayedType.cpp
D:\Documents\School\ECE39595C\ece39595c\ChangeDisplayedType.cpp(4,102): error C2512: 'CreatureAction': no appropriate default constructor available
D:\Documents\School\ECE39595C\ece39595c\Creature.h(6,7): message : see declaration of 'CreatureAction'
D:\Documents\School\ECE39595C\ece39595c\ChangeDisplayedType.cpp(4,102): error C2530: 'ChangeDisplayedType::owner': references must be initialized
D:\Documents\School\ECE39595C\ece39595c\ChangeDisplayedType.cpp(4,80): error C2614: 'ChangeDisplayedType': illegal member initialization: 'CreatureAcion' is not a base or member
  DropPack.cpp
D:\Documents\School\ECE39595C\ece39595c\DropPack.cpp(4,81): error C2664: 'CreatureAction::CreatureAction(CreatureAction &&)': cannot convert argument 1 from 'Creature' to 'int'
D:\Documents\School\ECE39595C\ece39595c\DropPack.cpp(4,74): message : No user-defined-conversion operator available that can perform this conversion, or the operator cannot be called
D:\Documents\School\ECE39595C\ece39595c\Action.h(22,2): message : see declaration of 'CreatureAction::CreatureAction'
D:\Documents\School\ECE39595C\ece39595c\DropPack.cpp(4,81): error C2530: 'DropPack::owner': references must be initialized
  EndGame.cpp
D:\Documents\School\ECE39595C\ece39595c\EndGame.cpp(4,79): error C2664: 'CreatureAction::CreatureAction(CreatureAction &&)': cannot convert argument 1 from 'Creature' to 'int'
D:\Documents\School\ECE39595C\ece39595c\EndGame.cpp(4,72): message : No user-defined-conversion operator available that can perform this conversion, or the operator cannot be called
D:\Documents\School\ECE39595C\ece39595c\Action.h(22,2): message : see declaration of 'CreatureAction::CreatureAction'
D:\Documents\School\ECE39595C\ece39595c\EndGame.cpp(4,79): error C2530: 'EndGame::owner': references must be initialized
  Item.cpp
  Remove.cpp
D:\Documents\School\ECE39595C\ece39595c\Remove.cpp(4,77): error C2664: 'CreatureAction::CreatureAction(CreatureAction &&)': cannot convert argument 1 from 'Creature' to 'int'
D:\Documents\School\ECE39595C\ece39595c\Remove.cpp(4,70): message : No user-defined-conversion operator available that can perform this conversion, or the operator cannot be called
D:\Documents\School\ECE39595C\ece39595c\Action.h(22,2): message : see declaration of 'CreatureAction::CreatureAction'
D:\Documents\School\ECE39595C\ece39595c\Remove.cpp(4,77): error C2530: 'Remove::owner': references must be initialized
  Scoll.cpp
D:\Documents\School\ECE39595C\ece39595c\Scoll.cpp(4,51): error C2664: 'Item::Item(Item &&)': cannot convert argument 1 from 'nullptr' to 'const Item &'
D:\Documents\School\ECE39595C\ece39595c\Scoll.cpp(4,51): message : Reason: cannot convert from 'nullptr' to 'const Item'
D:\Documents\School\ECE39595C\ece39595c\Scoll.cpp(4,51): message : No constructor could take the source type, or constructor overload resolution was ambiguous
D:\Documents\School\ECE39595C\ece39595c\Item.h(15,1): message : see declaration of 'Item::Item'
  Sword.cpp
D:\Documents\School\ECE39595C\ece39595c\Sword.cpp(4,51): error C2664: 'Item::Item(Item &&)': cannot convert argument 1 from 'nullptr' to 'const Item &'
D:\Documents\School\ECE39595C\ece39595c\Sword.cpp(4,51): message : Reason: cannot convert from 'nullptr' to 'const Item'
D:\Documents\School\ECE39595C\ece39595c\Sword.cpp(4,51): message : No constructor could take the source type, or constructor overload resolution was ambiguous
D:\Documents\School\ECE39595C\ece39595c\Item.h(15,1): message : see declaration of 'Item::Item'
  Teleport.cpp
D:\Documents\School\ECE39595C\ece39595c\Teleport.cpp(4,80): error C2664: 'CreatureAction::CreatureAction(CreatureAction &&)': cannot convert argument 1 from 'Creature' to 'int'
D:\Documents\School\ECE39595C\ece39595c\Teleport.cpp(4,73): message : No user-defined-conversion operator available that can perform this conversion, or the operator cannot be called
D:\Documents\School\ECE39595C\ece39595c\Action.h(22,2): message : see declaration of 'CreatureAction::CreatureAction'
D:\Documents\School\ECE39595C\ece39595c\Teleport.cpp(4,80): error C2530: 'Teleport::owner': references must be initialized
  UpdateDisplay.cpp
D:\Documents\School\ECE39595C\ece39595c\UpdateDisplay.cpp(4,91): error C2664: 'CreatureAction::CreatureAction(CreatureAction &&)': cannot convert argument 1 from 'Creature' to 'int'
D:\Documents\School\ECE39595C\ece39595c\UpdateDisplay.cpp(4,84): message : No user-defined-conversion operator available that can perform this conversion, or the operator cannot be called
D:\Documents\School\ECE39595C\ece39595c\Action.h(22,2): message : see declaration of 'CreatureAction::CreatureAction'
D:\Documents\School\ECE39595C\ece39595c\UpdateDisplay.cpp(4,91): error C2530: 'UpdateDisplay::owner': references must be initialized
  XMLHandler.cpp
D:\Documents\School\ECE39595C\ece39595c\XMLHandler.h(14,10): fatal error C1083: Cannot open include file: 'Magic.h': No such file or directory
  YouWin.cpp
D:\Documents\School\ECE39595C\ece39595c\YouWin.cpp(4,77): error C2664: 'CreatureAction::CreatureAction(CreatureAction &&)': cannot convert argument 1 from 'Creature' to 'int'
D:\Documents\School\ECE39595C\ece39595c\YouWin.cpp(4,70): message : No user-defined-conversion operator available that can perform this conversion, or the operator cannot be called
D:\Documents\School\ECE39595C\ece39595c\Action.h(22,2): message : see declaration of 'CreatureAction::CreatureAction'
D:\Documents\School\ECE39595C\ece39595c\YouWin.cpp(4,77): error C2530: 'YouWin::owner': references must be initialized
  Generating Code...
