  Armor.cpp
C:\Users\mjpog\source\repos\rogue\ece39595c\xmlFiles\XML\Action.h(22,33): error C2065: 'Creature': undeclared identifier
C:\Users\mjpog\source\repos\rogue\ece39595c\xmlFiles\XML\Action.h(22,22): error C2923: 'std::shared_ptr': 'Creature' is not a valid template type argument for parameter '_Ty'
C:\Users\mjpog\source\repos\rogue\ece39595c\xmlFiles\XML\Armor.cpp(4,8): error C2533: 'Armor::{ctor}': constructors not allowed a return type
  ChangeDisplayedType.cpp
C:\Users\mjpog\source\repos\rogue\ece39595c\xmlFiles\XML\Action.h(22,33): error C2065: 'Creature': undeclared identifier
C:\Users\mjpog\source\repos\rogue\ece39595c\xmlFiles\XML\Action.h(22,22): error C2923: 'std::shared_ptr': 'Creature' is not a valid template type argument for parameter '_Ty'
C:\Users\mjpog\source\repos\rogue\ece39595c\xmlFiles\XML\ChangeDisplayedType.cpp(4,102): error C2512: 'CreatureAction': no appropriate default constructor available
C:\Users\mjpog\source\repos\rogue\ece39595c\xmlFiles\XML\Creature.h(6,7): message : see declaration of 'CreatureAction'
C:\Users\mjpog\source\repos\rogue\ece39595c\xmlFiles\XML\ChangeDisplayedType.cpp(4,102): error C2530: 'ChangeDisplayedType::owner': references must be initialized
C:\Users\mjpog\source\repos\rogue\ece39595c\xmlFiles\XML\ChangeDisplayedType.cpp(4,80): error C2614: 'ChangeDisplayedType': illegal member initialization: 'CreatureAcion' is not a base or member
  Creature.cpp
C:\Users\mjpog\source\repos\rogue\ece39595c\xmlFiles\XML\Action.h(22,33): error C2065: 'Creature': undeclared identifier
C:\Users\mjpog\source\repos\rogue\ece39595c\xmlFiles\XML\Action.h(22,22): error C2923: 'std::shared_ptr': 'Creature' is not a valid template type argument for parameter '_Ty'
C:\Users\mjpog\source\repos\rogue\ece39595c\xmlFiles\XML\Creature.cpp(12,1): error C2530: 'Creature::da': references must be initialized
C:\Users\mjpog\source\repos\rogue\ece39595c\xmlFiles\XML\Creature.cpp(12,1): error C2530: 'Creature::ha': references must be initialized
C:\Users\mjpog\source\repos\rogue\ece39595c\xmlFiles\XML\Creature.cpp(13,2): error C2064: term does not evaluate to a function taking 1 arguments
C:\Users\mjpog\source\repos\rogue\ece39595c\xmlFiles\XML\Creature.cpp(13,9): error C2064: term does not evaluate to a function taking 1 arguments
C:\Users\mjpog\source\repos\rogue\ece39595c\xmlFiles\XML\Creature.cpp(13,17): error C2064: term does not evaluate to a function taking 1 arguments
C:\Users\mjpog\source\repos\rogue\ece39595c\xmlFiles\XML\Creature.cpp(13,24): error C2064: term does not evaluate to a function taking 1 arguments
C:\Users\mjpog\source\repos\rogue\ece39595c\xmlFiles\XML\Creature.cpp(14,1): error C2143: syntax error: missing ';' before '}'
C:\Users\mjpog\source\repos\rogue\ece39595c\xmlFiles\XML\Creature.cpp(71,1): error C2059: syntax error: '}'
C:\Users\mjpog\source\repos\rogue\ece39595c\xmlFiles\XML\Creature.cpp(71,1): error C2143: syntax error: missing ';' before '}'
  DropPack.cpp
C:\Users\mjpog\source\repos\rogue\ece39595c\xmlFiles\XML\Action.h(22,33): error C2065: 'Creature': undeclared identifier
C:\Users\mjpog\source\repos\rogue\ece39595c\xmlFiles\XML\Action.h(22,22): error C2923: 'std::shared_ptr': 'Creature' is not a valid template type argument for parameter '_Ty'
C:\Users\mjpog\source\repos\rogue\ece39595c\xmlFiles\XML\DropPack.cpp(4,81): error C2664: 'CreatureAction::CreatureAction(CreatureAction &&)': cannot convert argument 1 from 'Creature' to 'std::shared_ptr'
C:\Users\mjpog\source\repos\rogue\ece39595c\xmlFiles\XML\DropPack.cpp(4,74): message : No user-defined-conversion operator available that can perform this conversion, or the operator cannot be called
C:\Users\mjpog\source\repos\rogue\ece39595c\xmlFiles\XML\Action.h(22,2): message : see declaration of 'CreatureAction::CreatureAction'
C:\Users\mjpog\source\repos\rogue\ece39595c\xmlFiles\XML\DropPack.cpp(4,81): error C2530: 'DropPack::owner': references must be initialized
  Dungeon.cpp
C:\Users\mjpog\source\repos\rogue\ece39595c\xmlFiles\XML\Action.h(22,33): error C2065: 'Creature': undeclared identifier
C:\Users\mjpog\source\repos\rogue\ece39595c\xmlFiles\XML\Action.h(22,22): error C2923: 'std::shared_ptr': 'Creature' is not a valid template type argument for parameter '_Ty'
C:\Users\mjpog\source\repos\rogue\ece39595c\xmlFiles\XML\Dungeon.cpp(7,20): error C2530: 'Dungeon::room': references must be initialized
C:\Users\mjpog\source\repos\rogue\ece39595c\xmlFiles\XML\Dungeon.cpp(7,20): error C2530: 'Dungeon::creature': references must be initialized
C:\Users\mjpog\source\repos\rogue\ece39595c\xmlFiles\XML\Dungeon.cpp(7,20): error C2530: 'Dungeon::item': references must be initialized
  EndGame.cpp
C:\Users\mjpog\source\repos\rogue\ece39595c\xmlFiles\XML\Action.h(22,33): error C2065: 'Creature': undeclared identifier
C:\Users\mjpog\source\repos\rogue\ece39595c\xmlFiles\XML\Action.h(22,22): error C2923: 'std::shared_ptr': 'Creature' is not a valid template type argument for parameter '_Ty'
C:\Users\mjpog\source\repos\rogue\ece39595c\xmlFiles\XML\EndGame.cpp(4,79): error C2664: 'CreatureAction::CreatureAction(CreatureAction &&)': cannot convert argument 1 from 'Creature' to 'std::shared_ptr'
C:\Users\mjpog\source\repos\rogue\ece39595c\xmlFiles\XML\EndGame.cpp(4,72): message : No user-defined-conversion operator available that can perform this conversion, or the operator cannot be called
C:\Users\mjpog\source\repos\rogue\ece39595c\xmlFiles\XML\Action.h(22,2): message : see declaration of 'CreatureAction::CreatureAction'
C:\Users\mjpog\source\repos\rogue\ece39595c\xmlFiles\XML\EndGame.cpp(4,79): error C2530: 'EndGame::owner': references must be initialized
  ObjDisplayGrid.cpp
  Scoll.cpp
C:\Users\mjpog\source\repos\rogue\ece39595c\xmlFiles\XML\Action.h(22,33): error C2065: 'Creature': undeclared identifier
C:\Users\mjpog\source\repos\rogue\ece39595c\xmlFiles\XML\Action.h(22,22): error C2923: 'std::shared_ptr': 'Creature' is not a valid template type argument for parameter '_Ty'
  Sword.cpp
C:\Users\mjpog\source\repos\rogue\ece39595c\xmlFiles\XML\Action.h(22,33): error C2065: 'Creature': undeclared identifier
C:\Users\mjpog\source\repos\rogue\ece39595c\xmlFiles\XML\Action.h(22,22): error C2923: 'std::shared_ptr': 'Creature' is not a valid template type argument for parameter '_Ty'
  Teleport.cpp
C:\Users\mjpog\source\repos\rogue\ece39595c\xmlFiles\XML\Action.h(22,33): error C2065: 'Creature': undeclared identifier
C:\Users\mjpog\source\repos\rogue\ece39595c\xmlFiles\XML\Action.h(22,22): error C2923: 'std::shared_ptr': 'Creature' is not a valid template type argument for parameter '_Ty'
C:\Users\mjpog\source\repos\rogue\ece39595c\xmlFiles\XML\Teleport.cpp(4,80): error C2664: 'CreatureAction::CreatureAction(CreatureAction &&)': cannot convert argument 1 from 'Creature' to 'std::shared_ptr'
C:\Users\mjpog\source\repos\rogue\ece39595c\xmlFiles\XML\Teleport.cpp(4,73): message : No user-defined-conversion operator available that can perform this conversion, or the operator cannot be called
C:\Users\mjpog\source\repos\rogue\ece39595c\xmlFiles\XML\Action.h(22,2): message : see declaration of 'CreatureAction::CreatureAction'
C:\Users\mjpog\source\repos\rogue\ece39595c\xmlFiles\XML\Teleport.cpp(4,80): error C2530: 'Teleport::owner': references must be initialized
  UpdateDisplay.cpp
C:\Users\mjpog\source\repos\rogue\ece39595c\xmlFiles\XML\Action.h(22,33): error C2065: 'Creature': undeclared identifier
C:\Users\mjpog\source\repos\rogue\ece39595c\xmlFiles\XML\Action.h(22,22): error C2923: 'std::shared_ptr': 'Creature' is not a valid template type argument for parameter '_Ty'
C:\Users\mjpog\source\repos\rogue\ece39595c\xmlFiles\XML\UpdateDisplay.cpp(4,91): error C2664: 'CreatureAction::CreatureAction(CreatureAction &&)': cannot convert argument 1 from 'Creature' to 'std::shared_ptr'
C:\Users\mjpog\source\repos\rogue\ece39595c\xmlFiles\XML\UpdateDisplay.cpp(4,84): message : No user-defined-conversion operator available that can perform this conversion, or the operator cannot be called
C:\Users\mjpog\source\repos\rogue\ece39595c\xmlFiles\XML\Action.h(22,2): message : see declaration of 'CreatureAction::CreatureAction'
C:\Users\mjpog\source\repos\rogue\ece39595c\xmlFiles\XML\UpdateDisplay.cpp(4,91): error C2530: 'UpdateDisplay::owner': references must be initialized
  XMLHandler.cpp
C:\Users\mjpog\source\repos\rogue\ece39595c\xmlFiles\XML\Action.h(22,33): error C2065: 'Creature': undeclared identifier
C:\Users\mjpog\source\repos\rogue\ece39595c\xmlFiles\XML\Action.h(22,22): error C2923: 'std::shared_ptr': 'Creature' is not a valid template type argument for parameter '_Ty'
C:\Users\mjpog\source\repos\rogue\ece39595c\xmlFiles\XML\Sword.h(7,1): error C2236: unexpected token 'class'. Did you forget a ';'?
C:\Users\mjpog\source\repos\rogue\ece39595c\xmlFiles\XML\Sword.h(7,13): error C2059: syntax error: ':'
C:\Users\mjpog\source\repos\rogue\ece39595c\xmlFiles\XML\Sword.h(7,15): error C2059: syntax error: 'public'
C:\Users\mjpog\source\repos\rogue\ece39595c\xmlFiles\XML\Sword.h(7,27): error C2143: syntax error: missing ';' before '{'
C:\Users\mjpog\source\repos\rogue\ece39595c\xmlFiles\XML\Sword.h(7,27): error C2447: '{': missing function header (old-style formal list?)
C:\Users\mjpog\source\repos\rogue\ece39595c\xmlFiles\XML\XMLHandler.h(56,10): error C2143: syntax error: missing ';' before '*'
C:\Users\mjpog\source\repos\rogue\ece39595c\xmlFiles\XML\XMLHandler.h(56,10): error C4430: missing type specifier - int assumed. Note: C++ does not support default-int
C:\Users\mjpog\source\repos\rogue\ece39595c\xmlFiles\XML\XMLHandler.h(56,28): error C2238: unexpected token(s) preceding ';'
C:\Users\mjpog\source\repos\rogue\ece39595c\xmlFiles\XML\XMLHandler.cpp(78,29): error C2039: 'addMonster': is not a member of 'Dungeon'
C:\Users\mjpog\source\repos\rogue\ece39595c\xmlFiles\XML\Dungeon.h(8): message : see declaration of 'Dungeon'
C:\Users\mjpog\source\repos\rogue\ece39595c\xmlFiles\XML\XMLHandler.cpp(106,9): error C2065: 'swordBeingParsed': undeclared identifier
C:\Users\mjpog\source\repos\rogue\ece39595c\xmlFiles\XML\XMLHandler.cpp(106,37): error C2061: syntax error: identifier 'Sword'
C:\Users\mjpog\source\repos\rogue\ece39595c\xmlFiles\XML\XMLHandler.cpp(107,9): error C2065: 'swordBeingParsed': undeclared identifier
C:\Users\mjpog\source\repos\rogue\ece39595c\xmlFiles\XML\XMLHandler.cpp(153,26): error C2039: 'setPosX': is not a member of 'Room'
C:\Users\mjpog\source\repos\rogue\ece39595c\xmlFiles\XML\Room.h(8): message : see declaration of 'Room'
C:\Users\mjpog\source\repos\rogue\ece39595c\xmlFiles\XML\XMLHandler.cpp(156,13): error C2059: syntax error: ')'
  YouWin.cpp
C:\Users\mjpog\source\repos\rogue\ece39595c\xmlFiles\XML\Action.h(22,33): error C2065: 'Creature': undeclared identifier
C:\Users\mjpog\source\repos\rogue\ece39595c\xmlFiles\XML\Action.h(22,22): error C2923: 'std::shared_ptr': 'Creature' is not a valid template type argument for parameter '_Ty'
C:\Users\mjpog\source\repos\rogue\ece39595c\xmlFiles\XML\YouWin.cpp(4,77): error C2664: 'CreatureAction::CreatureAction(CreatureAction &&)': cannot convert argument 1 from 'Creature' to 'std::shared_ptr'
C:\Users\mjpog\source\repos\rogue\ece39595c\xmlFiles\XML\YouWin.cpp(4,70): message : No user-defined-conversion operator available that can perform this conversion, or the operator cannot be called
C:\Users\mjpog\source\repos\rogue\ece39595c\xmlFiles\XML\Action.h(22,2): message : see declaration of 'CreatureAction::CreatureAction'
C:\Users\mjpog\source\repos\rogue\ece39595c\xmlFiles\XML\YouWin.cpp(4,77): error C2530: 'YouWin::owner': references must be initialized
  Generating Code...
C:\Users\mjpog\source\repos\rogue\ece39595c\xmlFiles\XML\ObjDisplayGrid.cpp(10): error C4716: 'ObjDisplayGrid::getObjDisplayGrid': must return a value
